<?xml version="1.0" encoding="UTF-8"?>
<!-- Generated by org.testng.reporters.JUnitReportReporter -->
<testsuite name="com.singlecare.tests.SampleTest" tests="1" time="13.944" ignored="0" failures="0" timestamp="20 Jun 2017 09:12:19 GMT" skipped="0" hostname="ICPL12040" errors="0">
  <testcase name="testGoogleSearch" time="13.944" classname="com.singlecare.tests.SampleTest"/>
</testsuite> <!-- com.singlecare.tests.SampleTest -->
