<?xml version="1.0" encoding="UTF-8"?>
<!-- Generated by org.testng.reporters.JUnitReportReporter -->
<testsuite name="com.qmetry.qaf.automation.step.client.Scenario" tests="1" time="23.379" ignored="9" failures="0" timestamp="10 Jul 2017 04:57:51 GMT" skipped="0" hostname="ICPL11465" errors="0">
  <testcase name="Login - Verify user can not login if email and password fields are blank" time="23.379" classname="com.qmetry.qaf.automation.step.client.Scenario"/>
  <testcase name="Login - Verify user can not login if email is entered and password field is blank" classname="com.qmetry.qaf.automation.step.client.DataDrivenScenario">
    <skipped/>
  </testcase> <!-- Login - Verify user can not login if email is entered and password field is blank -->
  <testcase name="Login - Verify user can not login if email is blank and password is entered" classname="com.qmetry.qaf.automation.step.client.DataDrivenScenario">
    <skipped/>
  </testcase> <!-- Login - Verify user can not login if email is blank and password is entered -->
  <testcase name="Login - Valid registered email and incorrect password" classname="com.qmetry.qaf.automation.step.client.DataDrivenScenario">
    <skipped/>
  </testcase> <!-- Login - Valid registered email and incorrect password -->
  <testcase name="Login - Valid registered email and incorrect format password" classname="com.qmetry.qaf.automation.step.client.DataDrivenScenario">
    <skipped/>
  </testcase> <!-- Login - Valid registered email and incorrect format password -->
  <testcase name="Login - Incorrect email and incorrect password" classname="com.qmetry.qaf.automation.step.client.DataDrivenScenario">
    <skipped/>
  </testcase> <!-- Login - Incorrect email and incorrect password -->
  <testcase name="Login - SQL Injection" classname="com.qmetry.qaf.automation.step.client.DataDrivenScenario">
    <skipped/>
  </testcase> <!-- Login - SQL Injection -->
  <testcase name="setupSuit" classname="com.qmetry.qaf.automation.ui.AbstractTestCase">
    <skipped/>
  </testcase> <!-- setupSuit -->
  <testcase name="setupTest" classname="com.qmetry.qaf.automation.ui.AbstractTestCase">
    <skipped/>
  </testcase> <!-- setupTest -->
  <testcase name="afterTest" classname="com.qmetry.qaf.automation.ui.AbstractTestCase">
    <skipped/>
  </testcase> <!-- afterTest -->
</testsuite> <!-- com.qmetry.qaf.automation.step.client.Scenario -->
